Performing C SOURCE FILE Test CMAKE_HAVE_LIBC_PTHREAD failed with the following output:
Change Dir: /home/yilong/catkin_ws/src/vanderbilt-ros-pkg/p2os_enableMotor/build/CMakeFiles/CMakeTmp

Run Build Command(s):/usr/bin/make cmTC_63e7c/fast && make[1]: Entering directory '/home/yilong/catkin_ws/src/vanderbilt-ros-pkg/p2os_enableMotor/build/CMakeFiles/CMakeTmp'
/usr/bin/make -f CMakeFiles/cmTC_63e7c.dir/build.make CMakeFiles/cmTC_63e7c.dir/build
make[2]: Entering directory '/home/yilong/catkin_ws/src/vanderbilt-ros-pkg/p2os_enableMotor/build/CMakeFiles/CMakeTmp'
Building C object CMakeFiles/cmTC_63e7c.dir/src.c.o
/usr/bin/cc   -DCMAKE_HAVE_LIBC_PTHREAD   -o CMakeFiles/cmTC_63e7c.dir/src.c.o   -c /home/yilong/catkin_ws/src/vanderbilt-ros-pkg/p2os_enableMotor/build/CMakeFiles/CMakeTmp/src.c
Linking C executable cmTC_63e7c
/usr/bin/cmake -E cmake_link_script CMakeFiles/cmTC_63e7c.dir/link.txt --verbose=1
/usr/bin/cc  -DCMAKE_HAVE_LIBC_PTHREAD    -rdynamic CMakeFiles/cmTC_63e7c.dir/src.c.o  -o cmTC_63e7c 
/usr/bin/ld: CMakeFiles/cmTC_63e7c.dir/src.c.o: in function `main':
src.c:(.text+0x46): undefined reference to `pthread_create'
/usr/bin/ld: src.c:(.text+0x52): undefined reference to `pthread_detach'
/usr/bin/ld: src.c:(.text+0x63): undefined reference to `pthread_join'
collect2: error: ld returned 1 exit status
make[2]: *** [CMakeFiles/cmTC_63e7c.dir/build.make:87: cmTC_63e7c] Error 1
make[2]: Leaving directory '/home/yilong/catkin_ws/src/vanderbilt-ros-pkg/p2os_enableMotor/build/CMakeFiles/CMakeTmp'
make[1]: *** [Makefile:121: cmTC_63e7c/fast] Error 2
make[1]: Leaving directory '/home/yilong/catkin_ws/src/vanderbilt-ros-pkg/p2os_enableMotor/build/CMakeFiles/CMakeTmp'


Source file was:
#include <pthread.h>

void* test_func(void* data)
{
  return data;
}

int main(void)
{
  pthread_t thread;
  pthread_create(&thread, NULL, test_func, NULL);
  pthread_detach(thread);
  pthread_join(thread, NULL);
  pthread_atfork(NULL, NULL, NULL);
  pthread_exit(NULL);

  return 0;
}

Determining if the function pthread_create exists in the pthreads failed with the following output:
Change Dir: /home/yilong/catkin_ws/src/vanderbilt-ros-pkg/p2os_enableMotor/build/CMakeFiles/CMakeTmp

Run Build Command(s):/usr/bin/make cmTC_293f0/fast && make[1]: Entering directory '/home/yilong/catkin_ws/src/vanderbilt-ros-pkg/p2os_enableMotor/build/CMakeFiles/CMakeTmp'
/usr/bin/make -f CMakeFiles/cmTC_293f0.dir/build.make CMakeFiles/cmTC_293f0.dir/build
make[2]: Entering directory '/home/yilong/catkin_ws/src/vanderbilt-ros-pkg/p2os_enableMotor/build/CMakeFiles/CMakeTmp'
Building C object CMakeFiles/cmTC_293f0.dir/CheckFunctionExists.c.o
/usr/bin/cc   -DCHECK_FUNCTION_EXISTS=pthread_create   -o CMakeFiles/cmTC_293f0.dir/CheckFunctionExists.c.o   -c /usr/share/cmake-3.16/Modules/CheckFunctionExists.c
Linking C executable cmTC_293f0
/usr/bin/cmake -E cmake_link_script CMakeFiles/cmTC_293f0.dir/link.txt --verbose=1
/usr/bin/cc  -DCHECK_FUNCTION_EXISTS=pthread_create    -rdynamic CMakeFiles/cmTC_293f0.dir/CheckFunctionExists.c.o  -o cmTC_293f0  -lpthreads 
/usr/bin/ld: cannot find -lpthreads
collect2: error: ld returned 1 exit status
make[2]: *** [CMakeFiles/cmTC_293f0.dir/build.make:87: cmTC_293f0] Error 1
make[2]: Leaving directory '/home/yilong/catkin_ws/src/vanderbilt-ros-pkg/p2os_enableMotor/build/CMakeFiles/CMakeTmp'
make[1]: *** [Makefile:121: cmTC_293f0/fast] Error 2
make[1]: Leaving directory '/home/yilong/catkin_ws/src/vanderbilt-ros-pkg/p2os_enableMotor/build/CMakeFiles/CMakeTmp'



